Flutter crash report.
Please report a bug at https://github.com/flutter/flutter/issues.

## command

flutter build apk

## exception

ProcessException: ProcessException: Process exited abnormally:

Welcome to Gradle 6.7!

Here are the highlights of this release:
 - File system watching is ready for production use
 - Declare the version of Java your build requires
 - Java 15 support

For more details see https://docs.gradle.org/6.7/release-notes.html



FAILURE: Build failed with an exception.

* What went wrong:
Project 'app' not found in root project 'android'.

* Try:
Run with --stacktrace option to get the stack trace. Run with --info or --debug option to get more log output. Run with --scan to get full insights.

* Get more help at https://help.gradle.org

BUILD FAILED in 732ms
  Command: C:\Users\giuly\Documents\Projects\Mobile\wallpaper_app\android\gradlew.bat app:tasks --all --console=auto

```
#0      RunResult.throwException (package:flutter_tools/src/base/process.dart:124:5)
#1      _DefaultProcessUtils.run (package:flutter_tools/src/base/process.dart:276:19)
<asynchronous suspension>
#2      flavorUndefinedHandler.<anonymous closure> (package:flutter_tools/src/android/gradle_errors.dart:317:38)
<asynchronous suspension>
#3      AndroidGradleBuilder.buildGradleApp (package:flutter_tools/src/android/gradle.dart:405:42)
<asynchronous suspension>
#4      AndroidGradleBuilder.buildApk (package:flutter_tools/src/android/gradle.dart:179:5)
<asynchronous suspension>
#5      BuildApkCommand.runCommand (package:flutter_tools/src/commands/build_apk.dart:112:5)
<asynchronous suspension>
#6      FlutterCommand.run.<anonymous closure> (package:flutter_tools/src/runner/flutter_command.dart:1161:27)
<asynchronous suspension>
#7      AppContext.run.<anonymous closure> (package:flutter_tools/src/base/context.dart:150:19)
<asynchronous suspension>
#8      CommandRunner.runCommand (package:args/command_runner.dart:209:13)
<asynchronous suspension>
#9      FlutterCommandRunner.runCommand.<anonymous closure> (package:flutter_tools/src/runner/flutter_command_runner.dart:281:9)
<asynchronous suspension>
#10     AppContext.run.<anonymous closure> (package:flutter_tools/src/base/context.dart:150:19)
<asynchronous suspension>
#11     FlutterCommandRunner.runCommand (package:flutter_tools/src/runner/flutter_command_runner.dart:229:5)
<asynchronous suspension>
#12     run.<anonymous closure>.<anonymous closure> (package:flutter_tools/runner.dart:62:9)
<asynchronous suspension>
#13     AppContext.run.<anonymous closure> (package:flutter_tools/src/base/context.dart:150:19)
<asynchronous suspension>
#14     main (package:flutter_tools/executable.dart:94:3)
<asynchronous suspension>
```

## flutter doctor

```
[✓] Flutter (Channel stable, 2.10.1, on Microsoft Windows [Version 10.0.22000.493], locale en-US)
    • Flutter version 2.10.1 at C:\src\flutter
    • Upstream repository https://github.com/flutter/flutter.git
    • Framework revision db747aa133 (2 weeks ago), 2022-02-09 13:57:35 -0600
    • Engine revision ab46186b24
    • Dart version 2.16.1
    • DevTools version 2.9.2

[✓] Android toolchain - develop for Android devices (Android SDK version 32.1.0-rc1)
    • Android SDK at C:\Users\giuly\AppData\Local\Android\sdk
    • Platform android-32, build-tools 32.1.0-rc1
    • Java binary at: C:\Program Files\Android\Android Studio\jre\bin\java
    • Java version OpenJDK Runtime Environment (build 11.0.11+9-b60-7590822)
    • All Android licenses accepted.

[✓] Chrome - develop for the web
    • Chrome at C:\Program Files\Google\Chrome\Application\chrome.exe

[!] Visual Studio - develop for Windows (Visual Studio Build Tools 2017 15.9.41)
    • Visual Studio at C:\Program Files (x86)\Microsoft Visual Studio\2017\BuildTools
    • Visual Studio Build Tools 2017 version 15.9.28307.1745
    • Windows 10 SDK version 10.0.17763.0
    ✗ Visual Studio 2019 or later is required.
      Download at https://visualstudio.microsoft.com/downloads/.
      Please install the "Desktop development with C++" workload, including all of its default
      components

[✓] Android Studio (version 2021.1)
    • Android Studio at C:\Program Files\Android\Android Studio
    • Flutter plugin can be installed from:
      🔨 https://plugins.jetbrains.com/plugin/9212-flutter
    • Dart plugin can be installed from:
      🔨 https://plugins.jetbrains.com/plugin/6351-dart
    • Java version OpenJDK Runtime Environment (build 11.0.11+9-b60-7590822)

[✓] VS Code (version 1.64.2)
    • VS Code at C:\Users\giuly\AppData\Local\Programs\Microsoft VS Code
    • Flutter extension can be installed from:
      🔨 https://marketplace.visualstudio.com/items?itemName=Dart-Code.flutter

[✓] Connected device (5 available)
    • SM A525M (mobile)                  • R58R741RLPH   • android-arm64  • Android 11 (API 30)
    • Android SDK built for x86 (mobile) • emulator-5554 • android-x86    • Android 11 (API 30)
      (emulator)
    • Windows (desktop)                  • windows       • windows-x64    • Microsoft Windows
      [Version 10.0.22000.493]
    • Chrome (web)                       • chrome        • web-javascript • Google Chrome
      98.0.4758.102
    • Edge (web)                         • edge          • web-javascript • Microsoft Edge
      98.0.1108.56

[✓] HTTP Host Availability
    • All required HTTP hosts are available

! Doctor found issues in 1 category.
```
